<?xml version="1.0" encoding="UTF-8"?>
<!-- Generated by org.testng.reporters.JUnitReportReporter -->
<testsuite hostname="DESKTOP-TAA5V0N" failures="0" tests="1" name="luma.usa.myRunnerTest.MyRunner" time="49.866" errors="1" timestamp="17 May 2023 02:16:12 GMT" skipped="0">
  <testcase classname="luma.usa.myRunnerTest.MyRunner" name="runScenario" time="49.866">
    <error message="Expected condition failed: waiting for element to be clickable: [[ChromeDriver: chrome on WINDOWS (0f2353f69c5d7dbbdb06e966327f74a5)] -&gt; xpath: //input[@name=&#039;firstname&#039;]] (tried for 30 second(s) with 500 milliseconds interval)
Build info: version: &#039;3.141.59&#039;, revision: &#039;e82be7d358&#039;, time: &#039;2018-11-14T08:17:03&#039;
System info: host: &#039;DESKTOP-TAA5V0N&#039;, ip: &#039;192.168.56.1&#039;, os.name: &#039;Windows 10&#039;, os.arch: &#039;amd64&#039;, os.version: &#039;10.0&#039;, java.version: &#039;17.0.6&#039;
Driver info: org.openqa.selenium.chrome.ChromeDriver
Capabilities {acceptInsecureCerts: false, browserName: chrome, browserVersion: 113.0.5672.93, chrome: {chromedriverVersion: 113.0.5672.63 (0e1a4471d5ae..., userDataDir: C:\Users\Fatema\AppData\Loc...}, goog:chromeOptions: {debuggerAddress: localhost:55479}, javascriptEnabled: true, networkConnectionEnabled: false, pageLoadStrategy: normal, platform: WINDOWS, platformName: WINDOWS, proxy: Proxy(), setWindowRect: true, strictFileInteractability: false, timeouts: {implicit: 0, pageLoad: 300000, script: 30000}, unhandledPromptBehavior: dismiss and notify, webauthn:extension:credBlob: true, webauthn:extension:largeBlob: true, webauthn:extension:minPinLength: true, webauthn:extension:prf: true, webauthn:virtualAuthenticators: true}
Session ID: 0f2353f69c5d7dbbdb06e966327f74a5" type="org.openqa.selenium.TimeoutException">
      <![CDATA[org.openqa.selenium.TimeoutException: Expected condition failed: waiting for element to be clickable: [[ChromeDriver: chrome on WINDOWS (0f2353f69c5d7dbbdb06e966327f74a5)] -> xpath: //input[@name='firstname']] (tried for 30 second(s) with 500 milliseconds interval)
Build info: version: '3.141.59', revision: 'e82be7d358', time: '2018-11-14T08:17:03'
System info: host: 'DESKTOP-TAA5V0N', ip: '192.168.56.1', os.name: 'Windows 10', os.arch: 'amd64', os.version: '10.0', java.version: '17.0.6'
Driver info: org.openqa.selenium.chrome.ChromeDriver
Capabilities {acceptInsecureCerts: false, browserName: chrome, browserVersion: 113.0.5672.93, chrome: {chromedriverVersion: 113.0.5672.63 (0e1a4471d5ae..., userDataDir: C:\Users\Fatema\AppData\Loc...}, goog:chromeOptions: {debuggerAddress: localhost:55479}, javascriptEnabled: true, networkConnectionEnabled: false, pageLoadStrategy: normal, platform: WINDOWS, platformName: WINDOWS, proxy: Proxy(), setWindowRect: true, strictFileInteractability: false, timeouts: {implicit: 0, pageLoad: 300000, script: 30000}, unhandledPromptBehavior: dismiss and notify, webauthn:extension:credBlob: true, webauthn:extension:largeBlob: true, webauthn:extension:minPinLength: true, webauthn:extension:prf: true, webauthn:virtualAuthenticators: true}
Session ID: 0f2353f69c5d7dbbdb06e966327f74a5
at org.openqa.selenium.support.ui.WebDriverWait.timeoutException(WebDriverWait.java:95)
at org.openqa.selenium.support.ui.FluentWait.until(FluentWait.java:272)
at luma.usa.genericFunctions.WaitHelper.seleniumWait(WaitHelper.java:15)
at luma.usa.elementPage.PageFactoryElements.AddNewShippingDetails(PageFactoryElements.java:292)
at luma.usa.stepDefinition.FunctionalStepDefinition.user_able_to_add_shipping_information(FunctionalStepDefinition.java:86)
at âœ½.user able to add shipping information(file:///C:/Users/Fatema/eclipse-workspace/hybrid_Automation_FW_Fatem/./Features/FunctionalTest.feature:10)
]]>
    </error>
  </testcase> <!-- runScenario -->
</testsuite> <!-- luma.usa.myRunnerTest.MyRunner -->
